"B:/UE_4.27 Projects/COP4530_FinalProject/Content/Assets/Grid/TX_GridTile_01.uasset" 0
"B:/UE_4.27 Projects/COP4530_FinalProject/Content/Assets/Grid/TX_GridTile_01.uexp" 1
"B:/UE_4.27 Projects/COP4530_FinalProject/Content/Assets/Grid/TX_GridTile_01.ubulk" 2
"B:/UE_4.27 Projects/COP4530_FinalProject/Content/Assets/Grid/MT_GridTile_01.uasset" 3
"B:/UE_4.27 Projects/COP4530_FinalProject/Content/Assets/Grid/MT_GridTile_01.uexp" 4
"B:/UE_4.27 Projects/COP4530_FinalProject/Content/Assets/Grid/SM_GridTile_01.uasset" 5
"B:/UE_4.27 Projects/COP4530_FinalProject/Content/Assets/Grid/SM_GridTile_01.uexp" 6
"B:/UE_4.27 Projects/COP4530_FinalProject/Content/Blueprints/BP_BaseObstacle.uasset" 7
"B:/UE_4.27 Projects/COP4530_FinalProject/Content/Blueprints/BP_BaseObstacle.uexp" 8
"B:/UE_4.27 Projects/COP4530_FinalProject/Content/UserInterfaces/WBP_GridTileWidget.uasset" 9
"B:/UE_4.27 Projects/COP4530_FinalProject/Content/UserInterfaces/WBP_GridTileWidget.uexp" 10
"B:/UE_4.27 Projects/COP4530_FinalProject/Content/Blueprints/BP_GridTile.uasset" 11
"B:/UE_4.27 Projects/COP4530_FinalProject/Content/Blueprints/BP_GridTile.uexp" 12
"B:/UE_4.27 Projects/COP4530_FinalProject/Content/Frameworks/BP_AStarPlayerController.uasset" 13
"B:/UE_4.27 Projects/COP4530_FinalProject/Content/Frameworks/BP_AStarPlayerController.uexp" 14
"B:/UE_4.27 Projects/COP4530_FinalProject/Content/Blueprints/BP_MainPawn.uasset" 15
"B:/UE_4.27 Projects/COP4530_FinalProject/Content/Blueprints/BP_MainPawn.uexp" 16
"B:/UE_4.27 Projects/COP4530_FinalProject/Content/Frameworks/BP_AStarGameModeBase.uasset" 17
"B:/UE_4.27 Projects/COP4530_FinalProject/Content/Frameworks/BP_AStarGameModeBase.uexp" 18
"B:/UE_4.27 Projects/COP4530_FinalProject/Content/UserInterfaces/WBP_AlgorithmsSelectionWidget.uasset" 19
"B:/UE_4.27 Projects/COP4530_FinalProject/Content/UserInterfaces/WBP_AlgorithmsSelectionWidget.uexp" 20
"B:/UE_4.27 Projects/COP4530_FinalProject/Content/UserInterfaces/WBP_GridTileTooltipWidget.uasset" 21
"B:/UE_4.27 Projects/COP4530_FinalProject/Content/UserInterfaces/WBP_GridTileTooltipWidget.uexp" 22
"../../../Engine/Content/EngineMaterials/T_Default_Material_Grid_N.uasset" 23
"../../../Engine/Content/EngineMaterials/T_Default_Material_Grid_N.uexp" 24
"../../../Engine/Content/EngineMaterials/T_Default_Material_Grid_N.ubulk" 25
"../../../Engine/Content/EngineMaterials/T_Default_Material_Grid_M.uasset" 26
"../../../Engine/Content/EngineMaterials/T_Default_Material_Grid_M.uexp" 27
"../../../Engine/Content/EngineMaterials/T_Default_Material_Grid_M.ubulk" 28
"../../../Engine/Content/Functions/Engine_MaterialFunctions01/Opacity/CameraDepthFade.uasset" 29
"../../../Engine/Content/Functions/Engine_MaterialFunctions01/Opacity/CameraDepthFade.uexp" 30
"../../../Engine/Content/EngineMaterials/WorldGridMaterial.uasset" 31
"../../../Engine/Content/EngineMaterials/WorldGridMaterial.uexp" 32
"../../../Engine/Content/ArtTools/RenderToTexture/Meshes/S_1_Unit_Plane.uasset" 33
"../../../Engine/Content/ArtTools/RenderToTexture/Meshes/S_1_Unit_Plane.uexp" 34
"../../../Engine/Content/EngineMaterials/DefaultMaterial.uasset" 35
"../../../Engine/Content/EngineMaterials/DefaultMaterial.uexp" 36
"../../../Engine/Content/BasicShapes/Cone.uasset" 37
"../../../Engine/Content/BasicShapes/Cone.uexp" 38
"../../../Engine/Content/BasicShapes/Plane.uasset" 39
"../../../Engine/Content/BasicShapes/Plane.uexp" 40
"../../../Engine/Content/BasicShapes/Sphere.uasset" 41
"../../../Engine/Content/BasicShapes/Sphere.uexp" 42
"../../../Engine/Content/EditorLandscapeResources/DataLayer.uasset" 43
"../../../Engine/Content/EditorLandscapeResources/DataLayer.uexp" 44
"../../../Engine/Content/EditorLandscapeResources/DefaultAlphaTexture.uasset" 45
"../../../Engine/Content/EditorLandscapeResources/DefaultAlphaTexture.uexp" 46
"../../../Engine/Content/EditorMaterials/MAT_Groups_Toggle.uasset" 47
"../../../Engine/Content/EditorMaterials/MAT_Groups_Toggle.uexp" 48
"../../../Engine/Content/EditorMaterials/MAT_Groups_Visibility.uasset" 49
"../../../Engine/Content/EditorMaterials/MAT_Groups_Visibility.uexp" 50
"../../../Engine/Content/EditorMaterials/PreviewShadowIndicator.uasset" 51
"../../../Engine/Content/EditorMaterials/PreviewShadowIndicator.uexp" 52
"../../../Engine/Content/EditorMaterials/PreviewShadowIndicator.ubulk" 53
"../../../Engine/Content/EditorMaterials/PreviewShadowIndicatorMaterial.uasset" 54
"../../../Engine/Content/EditorMaterials/PreviewShadowIndicatorMaterial.uexp" 55
"../../../Engine/Content/EditorMaterials/MatineeGroups/MAT_ColorTrack.uasset" 56
"../../../Engine/Content/EditorMaterials/MatineeGroups/MAT_ColorTrack.uexp" 57
"../../../Engine/Content/EditorMaterials/MatineeGroups/MAT_Groups_Anim.uasset" 58
"../../../Engine/Content/EditorMaterials/MatineeGroups/MAT_Groups_Anim.uexp" 59
"../../../Engine/Content/EditorMaterials/MatineeGroups/MAT_Groups_AudioMaster.uasset" 60
"../../../Engine/Content/EditorMaterials/MatineeGroups/MAT_Groups_AudioMaster.uexp" 61
"../../../Engine/Content/EditorMaterials/MatineeGroups/MAT_Groups_Director.uasset" 62
"../../../Engine/Content/EditorMaterials/MatineeGroups/MAT_Groups_Director.uexp" 63
"../../../Engine/Content/EditorMaterials/MatineeGroups/MAT_Groups_Event.uasset" 64
"../../../Engine/Content/EditorMaterials/MatineeGroups/MAT_Groups_Event.uexp" 65
"../../../Engine/Content/EditorMaterials/MatineeGroups/MAT_Groups_Fade.uasset" 66
"../../../Engine/Content/EditorMaterials/MatineeGroups/MAT_Groups_Fade.uexp" 67
"../../../Engine/Content/EditorMaterials/MatineeGroups/MAT_Groups_Float.uasset" 68
"../../../Engine/Content/EditorMaterials/MatineeGroups/MAT_Groups_Float.uexp" 69
"../../../Engine/Content/EditorMaterials/MatineeGroups/MAT_Groups_Move.uasset" 70
"../../../Engine/Content/EditorMaterials/MatineeGroups/MAT_Groups_Move.uexp" 71
"../../../Engine/Content/EditorMaterials/MatineeGroups/MAT_Groups_Slomo.uasset" 72
"../../../Engine/Content/EditorMaterials/MatineeGroups/MAT_Groups_Slomo.uexp" 73
"../../../Engine/Content/EditorMaterials/MatineeGroups/MAT_Groups_Sound.uasset" 74
"../../../Engine/Content/EditorMaterials/MatineeGroups/MAT_Groups_Sound.uexp" 75
"../../../Engine/Content/EditorMaterials/MatineeGroups/MAT_Groups_Vector.uasset" 76
"../../../Engine/Content/EditorMaterials/MatineeGroups/MAT_Groups_Vector.uexp" 77
"../../../Engine/Content/EditorMaterials/ParticleSystems/PSysThumbnail_NoImage.uasset" 78
"../../../Engine/Content/EditorMaterials/ParticleSystems/PSysThumbnail_NoImage.uexp" 79
"../../../Engine/Content/EditorMaterials/ParticleSystems/PSysThumbnail_NoImage.ubulk" 80
"../../../Engine/Content/EditorMaterials/ParticleSystems/PSysThumbnail_OOD.uasset" 81
"../../../Engine/Content/EditorMaterials/ParticleSystems/PSysThumbnail_OOD.uexp" 82
"../../../Engine/Content/EditorMaterials/ParticleSystems/PSysThumbnail_OOD.ubulk" 83
"../../../Engine/Content/EditorMaterials/Camera/CineMat.uasset" 84
"../../../Engine/Content/EditorMaterials/Camera/CineMat.uexp" 85
"../../../Engine/Content/EditorMaterials/Camera/MI_CineMat_Rig.uasset" 86
"../../../Engine/Content/EditorMaterials/Camera/MI_CineMat_Rig.uexp" 87
"../../../Engine/Content/EditorMeshes/Camera/SM_CraneRig_Arm.uasset" 88
"../../../Engine/Content/EditorMeshes/Camera/SM_CraneRig_Arm.uexp" 89
"../../../Engine/Content/EditorMeshes/Camera/SM_CraneRig_Base.uasset" 90
"../../../Engine/Content/EditorMeshes/Camera/SM_CraneRig_Base.uexp" 91
"../../../Engine/Content/EditorMeshes/Camera/SM_CraneRig_Body.uasset" 92
"../../../Engine/Content/EditorMeshes/Camera/SM_CraneRig_Body.uexp" 93
"../../../Engine/Content/EditorMeshes/Camera/SM_CraneRig_Mount.uasset" 94
"../../../Engine/Content/EditorMeshes/Camera/SM_CraneRig_Mount.uexp" 95
"../../../Engine/Content/EditorMeshes/Camera/SM_RailRig_Mount.uasset" 96
"../../../Engine/Content/EditorMeshes/Camera/SM_RailRig_Mount.uexp" 97
"../../../Engine/Content/EditorMeshes/Camera/SM_RailRig_Track.uasset" 98
"../../../Engine/Content/EditorMeshes/Camera/SM_RailRig_Track.uexp" 99
"../../../Engine/Content/EditorResources/BSPVertex.uasset" 100
"../../../Engine/Content/EditorResources/BSPVertex.uexp" 101
"../../../Engine/Content/EditorResources/EmptyActor.uasset" 102
"../../../Engine/Content/EditorResources/EmptyActor.uexp" 103
"../../../Engine/Content/EditorResources/S_Actor.uasset" 104
"../../../Engine/Content/EditorResources/S_Actor.uexp" 105
"../../../Engine/Content/EditorResources/S_Actor.ubulk" 106
"../../../Engine/Content/EditorResources/S_Note.uasset" 107
"../../../Engine/Content/EditorResources/S_Note.uexp" 108
"../../../Engine/Content/EditorResources/S_Note.ubulk" 109
"../../../Engine/Content/EditorResources/S_Solver.uasset" 110
"../../../Engine/Content/EditorResources/S_Solver.uexp" 111
"../../../Engine/Content/EditorResources/S_Solver.ubulk" 112
"../../../Engine/Content/EditorResources/S_Terrain.uasset" 113
"../../../Engine/Content/EditorResources/S_Terrain.uexp" 114
"../../../Engine/Content/EditorResources/S_Terrain.ubulk" 115
"../../../Engine/Content/EditorResources/S_Trigger.uasset" 116
"../../../Engine/Content/EditorResources/S_Trigger.uexp" 117
"../../../Engine/Content/EditorResources/S_Trigger.ubulk" 118
"../../../Engine/Content/EditorResources/LightIcons/S_LightError.uasset" 119
"../../../Engine/Content/EditorResources/LightIcons/S_LightError.uexp" 120
"../../../Engine/Content/EditorResources/SequenceRecorder/Countdown.uasset" 121
"../../../Engine/Content/EditorResources/SequenceRecorder/Countdown.uexp" 122
"../../../Engine/Content/EditorResources/SequenceRecorder/RecordingIndicator.uasset" 123
"../../../Engine/Content/EditorResources/SequenceRecorder/RecordingIndicator.uexp" 124
"../../../Engine/Content/EngineDamageTypes/DmgTypeBP_Environmental.uasset" 125
"../../../Engine/Content/EngineDamageTypes/DmgTypeBP_Environmental.uexp" 126
"../../../Engine/Content/EngineDebugMaterials/DebugEditorMaterial.uasset" 127
"../../../Engine/Content/EngineDebugMaterials/DebugEditorMaterial.uexp" 128
"../../../Engine/Content/EngineDebugMaterials/DebugMeshMaterial.uasset" 129
"../../../Engine/Content/EngineDebugMaterials/DebugMeshMaterial.uexp" 130
"../../../Engine/Content/EngineDebugMaterials/M_SimpleUnlitTranslucent.uasset" 131
"../../../Engine/Content/EngineDebugMaterials/M_SimpleUnlitTranslucent.uexp" 132
"../../../Engine/Content/EngineDebugMaterials/VolumeToRender.uasset" 133
"../../../Engine/Content/EngineDebugMaterials/VolumeToRender.uexp" 134
"../../../Engine/Content/Functions/Engine_MaterialFunctions02/Utility/CameraDirectionVector.uasset" 135
"../../../Engine/Content/Functions/Engine_MaterialFunctions02/Utility/CameraDirectionVector.uexp" 136
"../../../Engine/Content/EngineDebugMaterials/M_VolumeRenderSphereTracePP.uasset" 137
"../../../Engine/Content/EngineDebugMaterials/M_VolumeRenderSphereTracePP.uexp" 138
"../../../Engine/Content/Functions/Engine_MaterialFunctions01/Shading/ConvertFromDiffSpec.uasset" 139
"../../../Engine/Content/Functions/Engine_MaterialFunctions01/Shading/ConvertFromDiffSpec.uexp" 140
"../../../Engine/Content/EngineDebugMaterials/VertexColorMaterial.uasset" 141
"../../../Engine/Content/EngineDebugMaterials/VertexColorMaterial.uexp" 142
"../../../Engine/Content/EngineDebugMaterials/WireframeMaterial.uasset" 143
"../../../Engine/Content/EngineDebugMaterials/WireframeMaterial.uexp" 144
"../../../Engine/Content/EngineFonts/Faces/RobotoRegular.uasset" 145
"../../../Engine/Content/EngineFonts/Faces/RobotoRegular.uexp" 146
"../../../Engine/Content/EngineFonts/Faces/RobotoRegular.ufont" 147
"../../../Engine/Content/EngineFonts/Faces/RobotoLight.uasset" 148
"../../../Engine/Content/EngineFonts/Faces/RobotoLight.uexp" 149
"../../../Engine/Content/EngineFonts/Faces/RobotoLight.ufont" 150
"../../../Engine/Content/EngineFonts/Faces/RobotoItalic.uasset" 151
"../../../Engine/Content/EngineFonts/Faces/RobotoItalic.uexp" 152
"../../../Engine/Content/EngineFonts/Faces/RobotoItalic.ufont" 153
"../../../Engine/Content/EngineFonts/Faces/RobotoBoldItalic.uasset" 154
"../../../Engine/Content/EngineFonts/Faces/RobotoBoldItalic.uexp" 155
"../../../Engine/Content/EngineFonts/Faces/RobotoBoldItalic.ufont" 156
"../../../Engine/Content/EngineFonts/Faces/RobotoBold.uasset" 157
"../../../Engine/Content/EngineFonts/Faces/RobotoBold.uexp" 158
"../../../Engine/Content/EngineFonts/Faces/RobotoBold.ufont" 159
"../../../Engine/Content/EngineFonts/Faces/DroidSansFallback.uasset" 160
"../../../Engine/Content/EngineFonts/Faces/DroidSansFallback.uexp" 161
"../../../Engine/Content/EngineFonts/Faces/DroidSansFallback.ufont" 162
"../../../Engine/Content/EngineFonts/Roboto.uasset" 163
"../../../Engine/Content/EngineFonts/Roboto.uexp" 164
"../../../Engine/Content/EngineMaterials/BaseFlattenNormalMap.uasset" 165
"../../../Engine/Content/EngineMaterials/BaseFlattenNormalMap.uexp" 166
"../../../Engine/Content/EngineMaterials/BaseFlattenGrayscaleMap.uasset" 167
"../../../Engine/Content/EngineMaterials/BaseFlattenGrayscaleMap.uexp" 168
"../../../Engine/Content/EngineMaterials/BaseFlattenEmissiveMap.uasset" 169
"../../../Engine/Content/EngineMaterials/BaseFlattenEmissiveMap.uexp" 170
"../../../Engine/Content/EngineMaterials/BaseFlattenDiffuseMap.uasset" 171
"../../../Engine/Content/EngineMaterials/BaseFlattenDiffuseMap.uexp" 172
"../../../Engine/Content/EngineMaterials/BaseFlattenMaterial.uasset" 173
"../../../Engine/Content/EngineMaterials/BaseFlattenMaterial.uexp" 174
"../../../Engine/Content/EngineMaterials/BlueNoise.uasset" 175
"../../../Engine/Content/EngineMaterials/BlueNoise.uexp" 176
"../../../Engine/Content/EngineMaterials/DefaultBloomKernel.uasset" 177
"../../../Engine/Content/EngineMaterials/DefaultBloomKernel.uexp" 178
"../../../Engine/Content/EngineMaterials/DefaultBokeh.uasset" 179
"../../../Engine/Content/EngineMaterials/DefaultBokeh.uexp" 180
"../../../Engine/Content/EngineMaterials/DefaultDiffuse.uasset" 181
"../../../Engine/Content/EngineMaterials/DefaultDiffuse.uexp" 182
"../../../Engine/Content/EngineMaterials/DefaultDiffuse.ubulk" 183
"../../../Engine/Content/EngineMaterials/DefaultDeferredDecalMaterial.uasset" 184
"../../../Engine/Content/EngineMaterials/DefaultDeferredDecalMaterial.uexp" 185
"../../../Engine/Content/EngineMaterials/DefaultLightFunctionMaterial.uasset" 186
"../../../Engine/Content/EngineMaterials/DefaultLightFunctionMaterial.uexp" 187
"../../../Engine/Content/EngineMaterials/DefaultPhysicalMaterial.uasset" 188
"../../../Engine/Content/EngineMaterials/DefaultPhysicalMaterial.uexp" 189
"../../../Engine/Content/Functions/Engine_MaterialFunctions02/Utility/BreakOutFloat2Components.uasset" 190
"../../../Engine/Content/Functions/Engine_MaterialFunctions02/Utility/BreakOutFloat2Components.uexp" 191
"../../../Engine/Content/EngineMaterials/DefaultPostProcessMaterial.uasset" 192
"../../../Engine/Content/EngineMaterials/DefaultPostProcessMaterial.uexp" 193
"../../../Engine/Content/EngineFonts/RobotoDistanceField.uasset" 194
"../../../Engine/Content/EngineFonts/RobotoDistanceField.uexp" 195
"../../../Engine/Content/EngineMaterials/DefaultTextMaterialOpaque.uasset" 196
"../../../Engine/Content/EngineMaterials/DefaultTextMaterialOpaque.uexp" 197
"../../../Engine/Content/EngineMaterials/DefaultWhiteGrid.uasset" 198
"../../../Engine/Content/EngineMaterials/DefaultWhiteGrid.uexp" 199
"../../../Engine/Content/EngineMaterials/DefaultWhiteGrid.ubulk" 200
"../../../Engine/Content/EngineMaterials/DefaultWhiteGrid_Low.uasset" 201
"../../../Engine/Content/EngineMaterials/DefaultWhiteGrid_Low.uexp" 202
"../../../Engine/Content/EngineMaterials/EmissiveMeshMaterial.uasset" 203
"../../../Engine/Content/EngineMaterials/EmissiveMeshMaterial.uexp" 204
"../../../Engine/Content/EngineMaterials/GizmoMaterial.uasset" 205
"../../../Engine/Content/EngineMaterials/GizmoMaterial.uexp" 206
"../../../Engine/Content/EngineMaterials/Good64x64TilingNoiseHighFreq.uasset" 207
"../../../Engine/Content/EngineMaterials/Good64x64TilingNoiseHighFreq.uexp" 208
"../../../Engine/Content/EngineMaterials/MiniFont.uasset" 209
"../../../Engine/Content/EngineMaterials/MiniFont.uexp" 210
"../../../Engine/Content/EngineMaterials/InvalidLightmapSettings.uasset" 211
"../../../Engine/Content/EngineMaterials/InvalidLightmapSettings.uexp" 212
"../../../Engine/Content/EngineMaterials/InvalidLightmapSettings.ubulk" 213
"../../../Engine/Content/EngineMaterials/M_InvalidLightmapSettings.uasset" 214
"../../../Engine/Content/EngineMaterials/M_InvalidLightmapSettings.uexp" 215
"../../../Engine/Content/Functions/Engine_MaterialFunctions02/WorldPositionOffset/CameraOffset.uasset" 216
"../../../Engine/Content/Functions/Engine_MaterialFunctions02/WorldPositionOffset/CameraOffset.uexp" 217
"../../../Engine/Content/EngineMaterials/PhAT_JointLimitMaterial.uasset" 218
"../../../Engine/Content/EngineMaterials/PhAT_JointLimitMaterial.uexp" 219
"../../../Engine/Content/EngineMaterials/DefaultCalibrationColor.uasset" 220
"../../../Engine/Content/EngineMaterials/DefaultCalibrationColor.uexp" 221
"../../../Engine/Content/EngineMaterials/PPM_DefaultCalibrationColor.uasset" 222
"../../../Engine/Content/EngineMaterials/PPM_DefaultCalibrationColor.uexp" 223
"../../../Engine/Content/EngineMaterials/DefaultCalibrationGrayscale.uasset" 224
"../../../Engine/Content/EngineMaterials/DefaultCalibrationGrayscale.uexp" 225
"../../../Engine/Content/EngineMaterials/PPM_DefaultCalibrationGrayscale.uasset" 226
"../../../Engine/Content/EngineMaterials/PPM_DefaultCalibrationGrayscale.uexp" 227
"../../../Engine/Content/EngineMaterials/PreintegratedSkinBRDF.uasset" 228
"../../../Engine/Content/EngineMaterials/PreintegratedSkinBRDF.uexp" 229
"../../../Engine/Content/EngineMaterials/RemoveSurfaceMaterial.uasset" 230
"../../../Engine/Content/EngineMaterials/RemoveSurfaceMaterial.uexp" 231
"../../../Engine/Content/EngineMaterials/WeightMapPlaceholderTexture.uasset" 232
"../../../Engine/Content/EngineMaterials/WeightMapPlaceholderTexture.uexp" 233
"../../../Engine/Content/EngineResources/WhiteSquareTexture.uasset" 234
"../../../Engine/Content/EngineResources/WhiteSquareTexture.uexp" 235
"../../../Engine/Content/EngineMaterials/Widget3DPassThrough.uasset" 236
"../../../Engine/Content/EngineMaterials/Widget3DPassThrough.uexp" 237
"../../../Engine/Content/EngineMaterials/Widget3DPassThrough_Masked.uasset" 238
"../../../Engine/Content/EngineMaterials/Widget3DPassThrough_Masked.uexp" 239
"../../../Engine/Content/EngineMaterials/Widget3DPassThrough_Opaque.uasset" 240
"../../../Engine/Content/EngineMaterials/Widget3DPassThrough_Opaque.uexp" 241
"../../../Engine/Content/EngineMaterials/Widget3DPassThrough_Masked_OneSided.uasset" 242
"../../../Engine/Content/EngineMaterials/Widget3DPassThrough_Masked_OneSided.uexp" 243
"../../../Engine/Content/EngineMaterials/Widget3DPassThrough_Opaque_OneSided.uasset" 244
"../../../Engine/Content/EngineMaterials/Widget3DPassThrough_Opaque_OneSided.uexp" 245
"../../../Engine/Content/EngineMaterials/Widget3DPassThrough_Translucent.uasset" 246
"../../../Engine/Content/EngineMaterials/Widget3DPassThrough_Translucent.uexp" 247
"../../../Engine/Content/EngineMaterials/Widget3DPassThrough_Translucent_OneSided.uasset" 248
"../../../Engine/Content/EngineMaterials/Widget3DPassThrough_Translucent_OneSided.uexp" 249
"../../../Engine/Content/EngineMeshes/Cylinder.uasset" 250
"../../../Engine/Content/EngineMeshes/Cylinder.uexp" 251
"../../../Engine/Content/EngineMeshes/Sphere.uasset" 252
"../../../Engine/Content/EngineMeshes/Sphere.uexp" 253
"../../../Engine/Content/EngineResources/DefaultTexture.uasset" 254
"../../../Engine/Content/EngineResources/DefaultTexture.uexp" 255
"../../../Engine/Content/EngineResources/DefaultTexture.ubulk" 256
"../../../Engine/Content/EngineResources/DefaultTextureCube.uasset" 257
"../../../Engine/Content/EngineResources/DefaultTextureCube.uexp" 258
"../../../Engine/Content/EngineResources/DefaultVolumeTexture2D.uasset" 259
"../../../Engine/Content/EngineResources/DefaultVolumeTexture2D.uexp" 260
"../../../Engine/Content/EngineResources/DefaultVolumeTexture.uasset" 261
"../../../Engine/Content/EngineResources/DefaultVolumeTexture.uexp" 262
"../../../Engine/Content/EngineResources/GradientTexture0.uasset" 263
"../../../Engine/Content/EngineResources/GradientTexture0.uexp" 264
"../../../Engine/Content/EngineSky/VolumetricClouds/T_NoiseShape64.uasset" 265
"../../../Engine/Content/EngineSky/VolumetricClouds/T_NoiseShape64.uexp" 266
"../../../Engine/Content/EngineSky/VolumetricClouds/T_NoiseShape64.ubulk" 267
"../../../Engine/Content/EngineSky/VolumetricClouds/T_VolumeNoiseShape64.uasset" 268
"../../../Engine/Content/EngineSky/VolumetricClouds/T_VolumeNoiseShape64.uexp" 269
"../../../Engine/Content/EngineSky/VolumetricClouds/T_NoiseErosion.uasset" 270
"../../../Engine/Content/EngineSky/VolumetricClouds/T_NoiseErosion.uexp" 271
"../../../Engine/Content/EngineSky/VolumetricClouds/T_NoiseErosion.ubulk" 272
"../../../Engine/Content/EngineSky/VolumetricClouds/T_VolumeNoiseErosion32.uasset" 273
"../../../Engine/Content/EngineSky/VolumetricClouds/T_VolumeNoiseErosion32.uexp" 274
"../../../Engine/Content/EngineSky/VolumetricClouds/CloudWeatherTexture.uasset" 275
"../../../Engine/Content/EngineSky/VolumetricClouds/CloudWeatherTexture.uexp" 276
"../../../Engine/Content/EngineSky/VolumetricClouds/CloudGradientTexture.uasset" 277
"../../../Engine/Content/EngineSky/VolumetricClouds/CloudGradientTexture.uexp" 278
"../../../Engine/Content/Functions/Engine_MaterialFunctions02/Utility/MakeFloat2.uasset" 279
"../../../Engine/Content/Functions/Engine_MaterialFunctions02/Utility/MakeFloat2.uexp" 280
"../../../Engine/Content/EngineSky/VolumetricClouds/m_SimpleVolumetricCloud.uasset" 281
"../../../Engine/Content/EngineSky/VolumetricClouds/m_SimpleVolumetricCloud.uexp" 282
"../../../Engine/Content/EngineSky/VolumetricClouds/m_SimpleVolumetricCloud_Inst.uasset" 283
"../../../Engine/Content/EngineSky/VolumetricClouds/m_SimpleVolumetricCloud_Inst.uexp" 284
"../../../Engine/Content/EngineSounds/Master.uasset" 285
"../../../Engine/Content/EngineSounds/Master.uexp" 286
"../../../Engine/Content/Functions/Engine_MaterialFunctions01/Shading/PowerToRoughness.uasset" 287
"../../../Engine/Content/Functions/Engine_MaterialFunctions01/Shading/PowerToRoughness.uexp" 288
"../../../Engine/Content/Maps/Templates/Thumbnails/Default.uasset" 289
"../../../Engine/Content/Maps/Templates/Thumbnails/Default.uexp" 290
"../../../Engine/Content/Maps/Templates/Thumbnails/TimeOfDay.uasset" 291
"../../../Engine/Content/Maps/Templates/Thumbnails/TimeOfDay.uexp" 292
"../../../Engine/Content/Maps/Templates/Thumbnails/VR-Basic.uasset" 293
"../../../Engine/Content/Maps/Templates/Thumbnails/VR-Basic.uexp" 294
"../../../Engine/Content/MobileResources/T_MobileControls_texture.uasset" 295
"../../../Engine/Content/MobileResources/T_MobileControls_texture.uexp" 296
"../../../Engine/Content/MobileResources/T_MobileMenu2.uasset" 297
"../../../Engine/Content/MobileResources/T_MobileMenu2.uexp" 298
"../../../Engine/Content/MobileResources/HUD/AnalogHat.uasset" 299
"../../../Engine/Content/MobileResources/HUD/AnalogHat.uexp" 300
"../../../Engine/Content/MobileResources/HUD/VirtualJoystick_Thumb.uasset" 301
"../../../Engine/Content/MobileResources/HUD/VirtualJoystick_Thumb.uexp" 302
"../../../Engine/Content/MobileResources/HUD/VirtualJoystick_Background.uasset" 303
"../../../Engine/Content/MobileResources/HUD/VirtualJoystick_Background.uexp" 304
"../../../Engine/Content/MobileResources/HUD/DefaultVirtualJoysticks.uasset" 305
"../../../Engine/Content/MobileResources/HUD/DefaultVirtualJoysticks.uexp" 306
"../../../Engine/Content/MobileResources/HUD/LeftVirtualJoystickOnly.uasset" 307
"../../../Engine/Content/MobileResources/HUD/LeftVirtualJoystickOnly.uexp" 308
"../../../Engine/Content/MobileResources/HUD/MobileHUDButton1_off.uasset" 309
"../../../Engine/Content/MobileResources/HUD/MobileHUDButton1_off.uexp" 310
"../../../Engine/Content/MobileResources/HUD/MobileHUDButton1_on.uasset" 311
"../../../Engine/Content/MobileResources/HUD/MobileHUDButton1_on.uexp" 312
"../../../Engine/Content/MobileResources/HUD/MobileHUDButton2_off.uasset" 313
"../../../Engine/Content/MobileResources/HUD/MobileHUDButton2_off.uexp" 314
"../../../Engine/Content/MobileResources/HUD/MobileHUDButton2_on.uasset" 315
"../../../Engine/Content/MobileResources/HUD/MobileHUDButton2_on.uexp" 316
"../../../Engine/Content/MobileResources/HUD/MobileHUDButton3.uasset" 317
"../../../Engine/Content/MobileResources/HUD/MobileHUDButton3.uexp" 318
"../../../Engine/Content/MobileResources/HUD/MobileHUDButtonFire.uasset" 319
"../../../Engine/Content/MobileResources/HUD/MobileHUDButtonFire.uexp" 320
"../../../Engine/Content/MobileResources/HUD/MobileHUDDirectionPad.uasset" 321
"../../../Engine/Content/MobileResources/HUD/MobileHUDDirectionPad.uexp" 322
"../../../Engine/Content/MobileResources/HUD/MobileHUDDirectionPad2.uasset" 323
"../../../Engine/Content/MobileResources/HUD/MobileHUDDirectionPad2.uexp" 324
"../../../Engine/Content/MobileResources/HUD/MobileHUDDirectionPad3.uasset" 325
"../../../Engine/Content/MobileResources/HUD/MobileHUDDirectionPad3.uexp" 326
"../../../Engine/Content/MobileResources/HUD/MobileHUDDirectionStick.uasset" 327
"../../../Engine/Content/MobileResources/HUD/MobileHUDDirectionStick.uexp" 328
"../../../Engine/Content/MobileResources/HUD/T_Castle_ThumbstickInner.uasset" 329
"../../../Engine/Content/MobileResources/HUD/T_Castle_ThumbstickInner.uexp" 330
"../../../Engine/Content/MobileResources/HUD/T_Castle_ThumbstickOutter.uasset" 331
"../../../Engine/Content/MobileResources/HUD/T_Castle_ThumbstickOutter.uexp" 332
"../../../Engine/Content/Tutorial/ContentIntroCurve.uasset" 333
"../../../Engine/Content/Tutorial/ContentIntroCurve.uexp" 334
"../../../Engine/Content/Tutorial/Basics/TutorialAssets/icon_tab_Levels_40x.uasset" 335
"../../../Engine/Content/Tutorial/Basics/TutorialAssets/icon_tab_Levels_40x.uexp" 336
"../../../Engine/Content/Tutorial/BlueprintTutorials/TutorialAssets/Blueprint_64x.uasset" 337
"../../../Engine/Content/Tutorial/BlueprintTutorials/TutorialAssets/Blueprint_64x.uexp" 338
"../../../Engine/Content/VREditor/TransformGizmo/TranslucentTransformGizmoMaterial.uasset" 339
"../../../Engine/Content/VREditor/TransformGizmo/TranslucentTransformGizmoMaterial.uexp" 340
"../../../Engine/Content/VREditor/LaserPointer/VR_LaserPower_01.uasset" 341
"../../../Engine/Content/VREditor/LaserPointer/VR_LaserPower_01.uexp" 342
"../../../Engine/Content/VREditor/LaserPointer/VR_LaserPower_01.ubulk" 343
"../../../Engine/Content/VREditor/TransformGizmo/TransformGizmoMaterial.uasset" 344
"../../../Engine/Content/VREditor/TransformGizmo/TransformGizmoMaterial.uexp" 345
"../../../Engine/Content/VREditor/TransformGizmo/BoundingBoxCorner.uasset" 346
"../../../Engine/Content/VREditor/TransformGizmo/BoundingBoxCorner.uexp" 347
"../../../Engine/Content/VREditor/TransformGizmo/BoundingBoxEdge.uasset" 348
"../../../Engine/Content/VREditor/TransformGizmo/BoundingBoxEdge.uexp" 349
"../../../Engine/Content/VREditor/TransformGizmo/PlaneTranslationHandle.uasset" 350
"../../../Engine/Content/VREditor/TransformGizmo/PlaneTranslationHandle.uexp" 351
"../../../Engine/Content/VREditor/TransformGizmo/Xray.uasset" 352
"../../../Engine/Content/VREditor/TransformGizmo/Xray.uexp" 353
"../../../Engine/Content/VREditor/TransformGizmo/Main.uasset" 354
"../../../Engine/Content/VREditor/TransformGizmo/Main.uexp" 355
"../../../Engine/Content/VREditor/TransformGizmo/SM_Sequencer_Key.uasset" 356
"../../../Engine/Content/VREditor/TransformGizmo/SM_Sequencer_Key.uexp" 357
"../../../Engine/Content/VREditor/TransformGizmo/SM_Sequencer_Node.uasset" 358
"../../../Engine/Content/VREditor/TransformGizmo/SM_Sequencer_Node.uexp" 359
"../../../Engine/Plugins/2D/Paper2D/Content/PlaceholderTextures/DummySpriteTexture.uasset" 360
"../../../Engine/Plugins/2D/Paper2D/Content/PlaceholderTextures/DummySpriteTexture.uexp" 361
"../../../Engine/Plugins/2D/Paper2D/Content/PlaceholderTextures/DummySpriteTexture.ubulk" 362
"../../../Engine/Plugins/2D/Paper2D/Content/DummySprite.uasset" 363
"../../../Engine/Plugins/2D/Paper2D/Content/DummySprite.uexp" 364
"../../../Engine/Plugins/2D/Paper2D/Content/DefaultPaperTerrainMaterial.uasset" 365
"../../../Engine/Plugins/2D/Paper2D/Content/DefaultPaperTerrainMaterial.uexp" 366
"../../../Engine/Plugins/2D/Paper2D/Content/DefaultSpriteMaterial.uasset" 367
"../../../Engine/Plugins/2D/Paper2D/Content/DefaultSpriteMaterial.uexp" 368
"../../../Engine/Plugins/2D/Paper2D/Content/MaskedUnlitSpriteMaterial.uasset" 369
"../../../Engine/Plugins/2D/Paper2D/Content/MaskedUnlitSpriteMaterial.uexp" 370
"../../../Engine/Plugins/2D/Paper2D/Content/OpaqueUnlitSpriteMaterial.uasset" 371
"../../../Engine/Plugins/2D/Paper2D/Content/OpaqueUnlitSpriteMaterial.uexp" 372
"../../../Engine/Content/Functions/Engine_MaterialFunctions02/Utility/BreakOutFloat3Components.uasset" 373
"../../../Engine/Content/Functions/Engine_MaterialFunctions02/Utility/BreakOutFloat3Components.uexp" 374
"../../../Engine/Content/Functions/Engine_MaterialFunctions02/ObjectLocalBounds.uasset" 375
"../../../Engine/Content/Functions/Engine_MaterialFunctions02/ObjectLocalBounds.uexp" 376
"../../../Engine/Content/Functions/Engine_MaterialFunctions02/UVs/BoundingBoxBased_0-1_UVW.uasset" 377
"../../../Engine/Content/Functions/Engine_MaterialFunctions02/UVs/BoundingBoxBased_0-1_UVW.uexp" 378
"../../../Engine/Plugins/Editor/SpeedTreeImporter/Content/SpeedTree9/UnpackInteger3.uasset" 379
"../../../Engine/Plugins/Editor/SpeedTreeImporter/Content/SpeedTree9/UnpackInteger3.uexp" 380
"../../../Engine/Plugins/Editor/SpeedTreeImporter/Content/SpeedTree9/UnpackDirection.uasset" 381
"../../../Engine/Plugins/Editor/SpeedTreeImporter/Content/SpeedTree9/UnpackDirection.uexp" 382
"../../../Engine/Plugins/Editor/SpeedTreeImporter/Content/SpeedTree9/game_wind_noise.uasset" 383
"../../../Engine/Plugins/Editor/SpeedTreeImporter/Content/SpeedTree9/game_wind_noise.uexp" 384
"../../../Engine/Plugins/Editor/SpeedTreeImporter/Content/SpeedTree9/game_wind_noise.ubulk" 385
"../../../Engine/Content/Functions/Engine_MaterialFunctions02/SafeNormalize.uasset" 386
"../../../Engine/Content/Functions/Engine_MaterialFunctions02/SafeNormalize.uexp" 387
"../../../Engine/Plugins/Editor/SpeedTreeImporter/Content/SpeedTree9/SpeedTreeWindMotion.uasset" 388
"../../../Engine/Plugins/Editor/SpeedTreeImporter/Content/SpeedTree9/SpeedTreeWindMotion.uexp" 389
"../../../Engine/Plugins/Editor/SpeedTreeImporter/Content/SpeedTree9/SpeedTreeBranchMotion.uasset" 390
"../../../Engine/Plugins/Editor/SpeedTreeImporter/Content/SpeedTree9/SpeedTreeBranchMotion.uexp" 391
"../../../Engine/Content/Functions/Engine_MaterialFunctions02/Utility/VectorLength.uasset" 392
"../../../Engine/Content/Functions/Engine_MaterialFunctions02/Utility/VectorLength.uexp" 393
"../../../Engine/Content/Functions/Engine_MaterialFunctions02/WorldPositionOffset/ObjectScale.uasset" 394
"../../../Engine/Content/Functions/Engine_MaterialFunctions02/WorldPositionOffset/ObjectScale.uexp" 395
"../../../Engine/Plugins/Editor/SpeedTreeImporter/Content/SpeedTree9/SpeedTreeWind.uasset" 396
"../../../Engine/Plugins/Editor/SpeedTreeImporter/Content/SpeedTree9/SpeedTreeWind.uexp" 397
"../../../Engine/Plugins/Editor/SpeedTreeImporter/Content/SpeedTree9/SpeedTreeBillboard.uasset" 398
"../../../Engine/Plugins/Editor/SpeedTreeImporter/Content/SpeedTree9/SpeedTreeBillboard.uexp" 399
"../../../Engine/Plugins/Editor/SpeedTreeImporter/Content/SpeedTree9/EmptyNormal.uasset" 400
"../../../Engine/Plugins/Editor/SpeedTreeImporter/Content/SpeedTree9/EmptyNormal.uexp" 401
"../../../Engine/Plugins/Editor/SpeedTreeImporter/Content/SpeedTree9/Empty.uasset" 402
"../../../Engine/Plugins/Editor/SpeedTreeImporter/Content/SpeedTree9/Empty.uexp" 403
"../../../Engine/Plugins/Editor/SpeedTreeImporter/Content/SpeedTree9/SpeedTreeBillboardMaster.uasset" 404
"../../../Engine/Plugins/Editor/SpeedTreeImporter/Content/SpeedTree9/SpeedTreeBillboardMaster.uexp" 405
"../../../Engine/Plugins/Editor/SpeedTreeImporter/Content/SpeedTree9/SpeedTreeCameraFacing.uasset" 406
"../../../Engine/Plugins/Editor/SpeedTreeImporter/Content/SpeedTree9/SpeedTreeCameraFacing.uexp" 407
"../../../Engine/Plugins/Editor/SpeedTreeImporter/Content/SpeedTree9/SpeedTreeMaster.uasset" 408
"../../../Engine/Plugins/Editor/SpeedTreeImporter/Content/SpeedTree9/SpeedTreeMaster.uexp" 409
"../../../Engine/Content/ArtTools/RenderToTexture/Materials/Debug/M_Emissive_Color.uasset" 410
"../../../Engine/Content/ArtTools/RenderToTexture/Materials/Debug/M_Emissive_Color.uexp" 411
"../../../Engine/Content/BasicShapes/Cylinder.uasset" 412
"../../../Engine/Content/BasicShapes/Cylinder.uexp" 413
"../../../Engine/Plugins/Lumin/MagicLeapPassableWorld/Content/MagicLeapARPinInfoActor.uasset" 414
"../../../Engine/Plugins/Lumin/MagicLeapPassableWorld/Content/MagicLeapARPinInfoActor.uexp" 415
"../../../Engine/Content/EngineResources/Black.uasset" 416
"../../../Engine/Content/EngineResources/Black.uexp" 417
"../../../Engine/Plugins/Runtime/OpenXR/Content/Devices/GoogleDaydream/MRTexture.uasset" 418
"../../../Engine/Plugins/Runtime/OpenXR/Content/Devices/GoogleDaydream/MRTexture.uexp" 419
"../../../Engine/Plugins/Runtime/OpenXR/Content/Devices/GoogleDaydream/MRTexture.ubulk" 420
"../../../Engine/Plugins/Runtime/OpenXR/Content/Devices/GoogleDaydream/BaseTexture.uasset" 421
"../../../Engine/Plugins/Runtime/OpenXR/Content/Devices/GoogleDaydream/BaseTexture.uexp" 422
"../../../Engine/Plugins/Runtime/OpenXR/Content/Devices/GoogleDaydream/BaseTexture.ubulk" 423
"../../../Engine/Plugins/Runtime/OpenXR/Content/Devices/M_XRController.uasset" 424
"../../../Engine/Plugins/Runtime/OpenXR/Content/Devices/M_XRController.uexp" 425
"../../../Engine/Plugins/Runtime/OpenXR/Content/Devices/GoogleDaydream/MI_GoogleDaydream.uasset" 426
"../../../Engine/Plugins/Runtime/OpenXR/Content/Devices/GoogleDaydream/MI_GoogleDaydream.uexp" 427
"../../../Engine/Plugins/Runtime/OpenXR/Content/Devices/GoogleDaydream/GoogleDaydreamController.uasset" 428
"../../../Engine/Plugins/Runtime/OpenXR/Content/Devices/GoogleDaydream/GoogleDaydreamController.uexp" 429
"../../../Engine/Plugins/Runtime/OpenXR/Content/Devices/HTCVive/BaseTexture.uasset" 430
"../../../Engine/Plugins/Runtime/OpenXR/Content/Devices/HTCVive/BaseTexture.uexp" 431
"../../../Engine/Plugins/Runtime/OpenXR/Content/Devices/HTCVive/BaseTexture.ubulk" 432
"../../../Engine/Plugins/Runtime/OpenXR/Content/Devices/HTCVive/MI_HTCVive.uasset" 433
"../../../Engine/Plugins/Runtime/OpenXR/Content/Devices/HTCVive/MI_HTCVive.uexp" 434
"../../../Engine/Plugins/Runtime/OpenXR/Content/Devices/HTCVive/HTCViveController.uasset" 435
"../../../Engine/Plugins/Runtime/OpenXR/Content/Devices/HTCVive/HTCViveController.uexp" 436
"../../../Engine/Plugins/Runtime/OpenXR/Content/Devices/MicrosoftMixedReality/NormalTexture.uasset" 437
"../../../Engine/Plugins/Runtime/OpenXR/Content/Devices/MicrosoftMixedReality/NormalTexture.uexp" 438
"../../../Engine/Plugins/Runtime/OpenXR/Content/Devices/MicrosoftMixedReality/NormalTexture.ubulk" 439
"../../../Engine/Plugins/Runtime/OpenXR/Content/Devices/MicrosoftMixedReality/MRTexture.uasset" 440
"../../../Engine/Plugins/Runtime/OpenXR/Content/Devices/MicrosoftMixedReality/MRTexture.uexp" 441
"../../../Engine/Plugins/Runtime/OpenXR/Content/Devices/MicrosoftMixedReality/MRTexture.ubulk" 442
"../../../Engine/Plugins/Runtime/OpenXR/Content/Devices/MicrosoftMixedReality/EmissiveTexture.uasset" 443
"../../../Engine/Plugins/Runtime/OpenXR/Content/Devices/MicrosoftMixedReality/EmissiveTexture.uexp" 444
"../../../Engine/Plugins/Runtime/OpenXR/Content/Devices/MicrosoftMixedReality/EmissiveTexture.ubulk" 445
"../../../Engine/Plugins/Runtime/OpenXR/Content/Devices/MicrosoftMixedReality/BaseTexture.uasset" 446
"../../../Engine/Plugins/Runtime/OpenXR/Content/Devices/MicrosoftMixedReality/BaseTexture.uexp" 447
"../../../Engine/Plugins/Runtime/OpenXR/Content/Devices/MicrosoftMixedReality/BaseTexture.ubulk" 448
"../../../Engine/Plugins/Runtime/OpenXR/Content/Devices/MicrosoftMixedReality/MI_MicrosoftMixedReality.uasset" 449
"../../../Engine/Plugins/Runtime/OpenXR/Content/Devices/MicrosoftMixedReality/MI_MicrosoftMixedReality.uexp" 450
"../../../Engine/Plugins/Runtime/OpenXR/Content/Devices/MicrosoftMixedReality/Left/left_MicrosoftMixedRealityController.uasset" 451
"../../../Engine/Plugins/Runtime/OpenXR/Content/Devices/MicrosoftMixedReality/Left/left_MicrosoftMixedRealityController.uexp" 452
"../../../Engine/Plugins/Runtime/OpenXR/Content/Devices/MicrosoftMixedReality/Right/right_MicrosoftMixedRealityController.uasset" 453
"../../../Engine/Plugins/Runtime/OpenXR/Content/Devices/MicrosoftMixedReality/Right/right_MicrosoftMixedRealityController.uexp" 454
"../../../Engine/Plugins/Runtime/OpenXR/Content/Devices/OculusGo/BaseTexture.uasset" 455
"../../../Engine/Plugins/Runtime/OpenXR/Content/Devices/OculusGo/BaseTexture.uexp" 456
"../../../Engine/Plugins/Runtime/OpenXR/Content/Devices/OculusGo/BaseTexture.ubulk" 457
"../../../Engine/Plugins/Runtime/OpenXR/Content/Devices/OculusGo/MI_OculusGo.uasset" 458
"../../../Engine/Plugins/Runtime/OpenXR/Content/Devices/OculusGo/MI_OculusGo.uexp" 459
"../../../Engine/Plugins/Runtime/OpenXR/Content/Devices/OculusGo/OculusGoController.uasset" 460
"../../../Engine/Plugins/Runtime/OpenXR/Content/Devices/OculusGo/OculusGoController.uexp" 461
"../../../Engine/Plugins/Runtime/OpenXR/Content/Devices/OculusTouch/MRTexture.uasset" 462
"../../../Engine/Plugins/Runtime/OpenXR/Content/Devices/OculusTouch/MRTexture.uexp" 463
"../../../Engine/Plugins/Runtime/OpenXR/Content/Devices/OculusTouch/MRTexture.ubulk" 464
"../../../Engine/Plugins/Runtime/OpenXR/Content/Devices/OculusTouch/BaseTexture.uasset" 465
"../../../Engine/Plugins/Runtime/OpenXR/Content/Devices/OculusTouch/BaseTexture.uexp" 466
"../../../Engine/Plugins/Runtime/OpenXR/Content/Devices/OculusTouch/BaseTexture.ubulk" 467
"../../../Engine/Plugins/Runtime/OpenXR/Content/Devices/OculusTouch/MI_OculusTouch.uasset" 468
"../../../Engine/Plugins/Runtime/OpenXR/Content/Devices/OculusTouch/MI_OculusTouch.uexp" 469
"../../../Engine/Plugins/Runtime/OpenXR/Content/Devices/OculusTouch/Left/left_OculusTouchController.uasset" 470
"../../../Engine/Plugins/Runtime/OpenXR/Content/Devices/OculusTouch/Left/left_OculusTouchController.uexp" 471
"../../../Engine/Plugins/Runtime/OpenXR/Content/Devices/OculusTouch/Right/right_OculusTouchController.uasset" 472
"../../../Engine/Plugins/Runtime/OpenXR/Content/Devices/OculusTouch/Right/right_OculusTouchController.uexp" 473
"../../../Engine/Plugins/Runtime/OpenXR/Content/Devices/OculusTouch_v2/MRTexture.uasset" 474
"../../../Engine/Plugins/Runtime/OpenXR/Content/Devices/OculusTouch_v2/MRTexture.uexp" 475
"../../../Engine/Plugins/Runtime/OpenXR/Content/Devices/OculusTouch_v2/MRTexture.ubulk" 476
"../../../Engine/Plugins/Runtime/OpenXR/Content/Devices/OculusTouch_v2/BaseTexture.uasset" 477
"../../../Engine/Plugins/Runtime/OpenXR/Content/Devices/OculusTouch_v2/BaseTexture.uexp" 478
"../../../Engine/Plugins/Runtime/OpenXR/Content/Devices/OculusTouch_v2/BaseTexture.ubulk" 479
"../../../Engine/Plugins/Runtime/OpenXR/Content/Devices/OculusTouch_v2/MI_OculusTouch_v2.uasset" 480
"../../../Engine/Plugins/Runtime/OpenXR/Content/Devices/OculusTouch_v2/MI_OculusTouch_v2.uexp" 481
"../../../Engine/Plugins/Runtime/OpenXR/Content/Devices/OculusTouch_v2/Left/left_OculusTouch_v2Controller.uasset" 482
"../../../Engine/Plugins/Runtime/OpenXR/Content/Devices/OculusTouch_v2/Left/left_OculusTouch_v2Controller.uexp" 483
"../../../Engine/Plugins/Runtime/OpenXR/Content/Devices/OculusTouch_v2/Right/right_OculusTouch_v2Controller.uasset" 484
"../../../Engine/Plugins/Runtime/OpenXR/Content/Devices/OculusTouch_v2/Right/right_OculusTouch_v2Controller.uexp" 485
"../../../Engine/Plugins/Runtime/OpenXR/Content/Devices/OculusTouch_v3/MRTexture.uasset" 486
"../../../Engine/Plugins/Runtime/OpenXR/Content/Devices/OculusTouch_v3/MRTexture.uexp" 487
"../../../Engine/Plugins/Runtime/OpenXR/Content/Devices/OculusTouch_v3/MRTexture.ubulk" 488
"../../../Engine/Plugins/Runtime/OpenXR/Content/Devices/OculusTouch_v3/BaseTexture.uasset" 489
"../../../Engine/Plugins/Runtime/OpenXR/Content/Devices/OculusTouch_v3/BaseTexture.uexp" 490
"../../../Engine/Plugins/Runtime/OpenXR/Content/Devices/OculusTouch_v3/BaseTexture.ubulk" 491
"../../../Engine/Plugins/Runtime/OpenXR/Content/Devices/OculusTouch_v3/MI_OculusTouch_v3.uasset" 492
"../../../Engine/Plugins/Runtime/OpenXR/Content/Devices/OculusTouch_v3/MI_OculusTouch_v3.uexp" 493
"../../../Engine/Plugins/Runtime/OpenXR/Content/Devices/OculusTouch_v3/Left/left_OculusTouch_v3Controller.uasset" 494
"../../../Engine/Plugins/Runtime/OpenXR/Content/Devices/OculusTouch_v3/Left/left_OculusTouch_v3Controller.uexp" 495
"../../../Engine/Plugins/Runtime/OpenXR/Content/Devices/OculusTouch_v3/Right/right_OculusTouch_v3Controller.uasset" 496
"../../../Engine/Plugins/Runtime/OpenXR/Content/Devices/OculusTouch_v3/Right/right_OculusTouch_v3Controller.uexp" 497
"../../../Engine/Plugins/Runtime/OpenXR/Content/Devices/ValveIndex/MRTexture.uasset" 498
"../../../Engine/Plugins/Runtime/OpenXR/Content/Devices/ValveIndex/MRTexture.uexp" 499
"../../../Engine/Plugins/Runtime/OpenXR/Content/Devices/ValveIndex/MRTexture.ubulk" 500
"../../../Engine/Plugins/Runtime/OpenXR/Content/Devices/ValveIndex/BaseTexture.uasset" 501
"../../../Engine/Plugins/Runtime/OpenXR/Content/Devices/ValveIndex/BaseTexture.uexp" 502
"../../../Engine/Plugins/Runtime/OpenXR/Content/Devices/ValveIndex/BaseTexture.ubulk" 503
"../../../Engine/Plugins/Runtime/OpenXR/Content/Devices/ValveIndex/Left/MI_left_ValveIndex.uasset" 504
"../../../Engine/Plugins/Runtime/OpenXR/Content/Devices/ValveIndex/Left/MI_left_ValveIndex.uexp" 505
"../../../Engine/Plugins/Runtime/OpenXR/Content/Devices/ValveIndex/Left/left_ValveIndexController.uasset" 506
"../../../Engine/Plugins/Runtime/OpenXR/Content/Devices/ValveIndex/Left/left_ValveIndexController.uexp" 507
"../../../Engine/Plugins/Runtime/OpenXR/Content/Devices/ValveIndex/Right/MI_right_ValveIndex.uasset" 508
"../../../Engine/Plugins/Runtime/OpenXR/Content/Devices/ValveIndex/Right/MI_right_ValveIndex.uexp" 509
"../../../Engine/Plugins/Runtime/OpenXR/Content/Devices/ValveIndex/Right/right_ValveIndexController.uasset" 510
"../../../Engine/Plugins/Runtime/OpenXR/Content/Devices/ValveIndex/Right/right_ValveIndexController.uexp" 511
"../../../Engine/Content/Functions/Engine_MaterialFunctions02/Utility/BreakOutFloat4Components.uasset" 512
"../../../Engine/Content/Functions/Engine_MaterialFunctions02/Utility/BreakOutFloat4Components.uexp" 513
"../../../Engine/Content/Functions/Engine_MaterialFunctions02/Utility/MakeFloat3.uasset" 514
"../../../Engine/Content/Functions/Engine_MaterialFunctions02/Utility/MakeFloat3.uexp" 515
"../../../Engine/Plugins/Runtime/Oculus/OculusVR/Content/Materials/OculusMR_ChromaKey.uasset" 516
"../../../Engine/Plugins/Runtime/Oculus/OculusVR/Content/Materials/OculusMR_ChromaKey.uexp" 517
"../../../Engine/Plugins/Runtime/Oculus/OculusVR/Content/Materials/OculusMR_OpaqueColoredMaterial.uasset" 518
"../../../Engine/Plugins/Runtime/Oculus/OculusVR/Content/Materials/OculusMR_OpaqueColoredMaterial.uexp" 519
"../../../Engine/Plugins/Runtime/Oculus/OculusVR/Content/Materials/PokeAHoleMaterial.uasset" 520
"../../../Engine/Plugins/Runtime/Oculus/OculusVR/Content/Materials/PokeAHoleMaterial.uexp" 521
"../../../Engine/Plugins/Runtime/Oculus/OculusVR/Content/Textures/touchController_controlmap.uasset" 522
"../../../Engine/Plugins/Runtime/Oculus/OculusVR/Content/Textures/touchController_controlmap.uexp" 523
"../../../Engine/Plugins/Runtime/Oculus/OculusVR/Content/Textures/touchController_controlmap.ubulk" 524
"../../../Engine/Plugins/Runtime/Oculus/OculusVR/Content/Textures/touchController_albedo.uasset" 525
"../../../Engine/Plugins/Runtime/Oculus/OculusVR/Content/Textures/touchController_albedo.uexp" 526
"../../../Engine/Plugins/Runtime/Oculus/OculusVR/Content/Textures/touchController_albedo.ubulk" 527
"../../../Engine/Plugins/Runtime/Oculus/OculusVR/Content/Materials/touchController_mat.uasset" 528
"../../../Engine/Plugins/Runtime/Oculus/OculusVR/Content/Materials/touchController_mat.uexp" 529
"../../../Engine/Plugins/Runtime/Oculus/OculusVR/Content/Meshes/LeftTouchController.uasset" 530
"../../../Engine/Plugins/Runtime/Oculus/OculusVR/Content/Meshes/LeftTouchController.uexp" 531
"../../../Engine/Plugins/Runtime/Oculus/OculusVR/Content/Textures/TouchForQuestRiftSController_albedo.uasset" 532
"../../../Engine/Plugins/Runtime/Oculus/OculusVR/Content/Textures/TouchForQuestRiftSController_albedo.uexp" 533
"../../../Engine/Plugins/Runtime/Oculus/OculusVR/Content/Textures/TouchForQuestRiftSController_albedo.ubulk" 534
"../../../Engine/Plugins/Runtime/Oculus/OculusVR/Content/Materials/TouchForQuestRiftSControllerMaterial.uasset" 535
"../../../Engine/Plugins/Runtime/Oculus/OculusVR/Content/Materials/TouchForQuestRiftSControllerMaterial.uexp" 536
"../../../Engine/Plugins/Runtime/Oculus/OculusVR/Content/Meshes/LeftTouchForQuestRiftSController.uasset" 537
"../../../Engine/Plugins/Runtime/Oculus/OculusVR/Content/Meshes/LeftTouchForQuestRiftSController.uexp" 538
"../../../Engine/Plugins/Runtime/Oculus/OculusVR/Content/Meshes/RiftHMD.uasset" 539
"../../../Engine/Plugins/Runtime/Oculus/OculusVR/Content/Meshes/RiftHMD.uexp" 540
"../../../Engine/Plugins/Runtime/Oculus/OculusVR/Content/Meshes/RightTouchController.uasset" 541
"../../../Engine/Plugins/Runtime/Oculus/OculusVR/Content/Meshes/RightTouchController.uexp" 542
"../../../Engine/Plugins/Runtime/Oculus/OculusVR/Content/Meshes/RightTouchForQuestRiftSController.uasset" 543
"../../../Engine/Plugins/Runtime/Oculus/OculusVR/Content/Meshes/RightTouchForQuestRiftSController.uexp" 544
"../../../Engine/Content/BasicShapes/Cube.uasset" 545
"../../../Engine/Content/BasicShapes/Cube.uexp" 546
"../../../Engine/Content/BasicShapes/BasicShapeMaterial.uasset" 547
"../../../Engine/Content/BasicShapes/BasicShapeMaterial.uexp" 548
"B:/UE_4.27 Projects/COP4530_FinalProject/Content/Maps/PathfindingLevel_BuiltData.uasset" 549
"B:/UE_4.27 Projects/COP4530_FinalProject/Content/Maps/PathfindingLevel_BuiltData.uexp" 550
"B:/UE_4.27 Projects/COP4530_FinalProject/Content/Maps/PathfindingLevel_BuiltData.ubulk" 551
"B:/UE_4.27 Projects/COP4530_FinalProject/Content/Assets/Table/M_ColorMaster.uasset" 552
"B:/UE_4.27 Projects/COP4530_FinalProject/Content/Assets/Table/M_ColorMaster.uexp" 553
"B:/UE_4.27 Projects/COP4530_FinalProject/Content/Assets/Table/MI_Prop_07.uasset" 554
"B:/UE_4.27 Projects/COP4530_FinalProject/Content/Assets/Table/MI_Prop_07.uexp" 555
"B:/UE_4.27 Projects/COP4530_FinalProject/Content/Assets/Table/MI_Prop_06.uasset" 556
"B:/UE_4.27 Projects/COP4530_FinalProject/Content/Assets/Table/MI_Prop_06.uexp" 557
"B:/UE_4.27 Projects/COP4530_FinalProject/Content/Assets/Table/SM_Table_01.uasset" 558
"B:/UE_4.27 Projects/COP4530_FinalProject/Content/Assets/Table/SM_Table_01.uexp" 559
"B:/UE_4.27 Projects/COP4530_FinalProject/Content/Blueprints/BP_Table_01.uasset" 560
"B:/UE_4.27 Projects/COP4530_FinalProject/Content/Blueprints/BP_Table_01.uexp" 561
"B:/UE_4.27 Projects/COP4530_FinalProject/Content/Assets/Table/MI_Prop_08.uasset" 562
"B:/UE_4.27 Projects/COP4530_FinalProject/Content/Assets/Table/MI_Prop_08.uexp" 563
"B:/UE_4.27 Projects/COP4530_FinalProject/Content/Assets/Table/SM_Stool_01.uasset" 564
"B:/UE_4.27 Projects/COP4530_FinalProject/Content/Assets/Table/SM_Stool_01.uexp" 565
"B:/UE_4.27 Projects/COP4530_FinalProject/Content/Blueprints/BP_Stool_01.uasset" 566
"B:/UE_4.27 Projects/COP4530_FinalProject/Content/Blueprints/BP_Stool_01.uexp" 567
"B:/UE_4.27 Projects/COP4530_FinalProject/Content/Assets/Grass/T_Grass_02.uasset" 568
"B:/UE_4.27 Projects/COP4530_FinalProject/Content/Assets/Grass/T_Grass_02.uexp" 569
"B:/UE_4.27 Projects/COP4530_FinalProject/Content/Assets/Grass/T_Grass_02.ubulk" 570
"B:/UE_4.27 Projects/COP4530_FinalProject/Content/Assets/Grass/T_Grass_01.uasset" 571
"B:/UE_4.27 Projects/COP4530_FinalProject/Content/Assets/Grass/T_Grass_01.uexp" 572
"B:/UE_4.27 Projects/COP4530_FinalProject/Content/Assets/Grass/T_Grass_01.ubulk" 573
"B:/UE_4.27 Projects/COP4530_FinalProject/Content/Assets/Grass/M_GrassMaster.uasset" 574
"B:/UE_4.27 Projects/COP4530_FinalProject/Content/Assets/Grass/M_GrassMaster.uexp" 575
"B:/UE_4.27 Projects/COP4530_FinalProject/Content/Assets/Grass/MI_Grass_02.uasset" 576
"B:/UE_4.27 Projects/COP4530_FinalProject/Content/Assets/Grass/MI_Grass_02.uexp" 577
"B:/UE_4.27 Projects/COP4530_FinalProject/Content/Assets/Grass/SM_Grass_02.uasset" 578
"B:/UE_4.27 Projects/COP4530_FinalProject/Content/Assets/Grass/SM_Grass_02.uexp" 579
"B:/UE_4.27 Projects/COP4530_FinalProject/Content/Blueprints/BP_Grass_02.uasset" 580
"B:/UE_4.27 Projects/COP4530_FinalProject/Content/Blueprints/BP_Grass_02.uexp" 581
"B:/UE_4.27 Projects/COP4530_FinalProject/Content/Assets/Grass/MI_Grass_01.uasset" 582
"B:/UE_4.27 Projects/COP4530_FinalProject/Content/Assets/Grass/MI_Grass_01.uexp" 583
"B:/UE_4.27 Projects/COP4530_FinalProject/Content/Assets/Grass/SM_Grass_01.uasset" 584
"B:/UE_4.27 Projects/COP4530_FinalProject/Content/Assets/Grass/SM_Grass_01.uexp" 585
"B:/UE_4.27 Projects/COP4530_FinalProject/Content/Blueprints/BP_Grass_01.uasset" 586
"B:/UE_4.27 Projects/COP4530_FinalProject/Content/Blueprints/BP_Grass_01.uexp" 587
"B:/UE_4.27 Projects/COP4530_FinalProject/Content/Assets/Grid/BB_Grid_01.uasset" 588
"B:/UE_4.27 Projects/COP4530_FinalProject/Content/Assets/Grid/BB_Grid_01.uexp" 589
"B:/UE_4.27 Projects/COP4530_FinalProject/Content/Blueprints/BP_Grid.uasset" 590
"B:/UE_4.27 Projects/COP4530_FinalProject/Content/Blueprints/BP_Grid.uexp" 591
"B:/UE_4.27 Projects/COP4530_FinalProject/Content/Maps/PathfindingLevel.uexp" 592
"B:/UE_4.27 Projects/COP4530_FinalProject/Content/Maps/PathfindingLevel.umap" 593
"../../../Engine/Content/Maps/Entry_BuiltData.uasset" 594
"../../../Engine/Content/Maps/Entry_BuiltData.uexp" 595
"../../../Engine/Content/Maps/Entry.uexp" 596
"../../../Engine/Content/Maps/Entry.umap" 597
